[2024-12-07 11:27:45.477] [global] [info] [cli_upgrade.cc:92] Successfully fetched latest trunk 1.22.8 version: prod
[2024-12-07 11:27:45.546] [global] [info] [cli_upgrade.cc:92] Successfully fetched latest trunk 1.22.8 version: prod
[2024-12-07 11:27:46.101] [global] [info] [release.cc:138] Retrieved 1 linter-version pairs from ReleaseVersionService
[2024-12-07 11:27:46.163] [global] [info] [release.cc:138] Retrieved 1 linter-version pairs from ReleaseVersionService
[2024-12-07 11:27:46.460] [global] [info] [grpc.cc:27] TX:virtual grpc::Status trunk::cli::UpgradeService::GetAvailableUpgrades(grpc::ServerContext *, const upgrade::proto::v1::GetAvailableUpgradesRequest *, grpc::ServerWriter<upgrade::proto::v1::GetAvailableUpgradesResponse> *) status=OK
[2024-12-07 11:27:46.528] [global] [info] [grpc.cc:27] TX:virtual grpc::Status trunk::cli::UpgradeService::GetAvailableUpgrades(grpc::ServerContext *, const upgrade::proto::v1::GetAvailableUpgradesRequest *, grpc::ServerWriter<upgrade::proto::v1::GetAvailableUpgradesResponse> *) status=OK
[2024-12-07 11:42:47.052] [global] [info] [service.cc:266] lint session ended sid=4
[2024-12-07 11:42:47.052] [global] [info] [service.cc:266] lint session ended sid=5
[2024-12-07 11:42:47.052] [global] [info] [service.cc:268] [user-agent=lsp-proxy sid=4] RX:virtual grpc::Status trunk::cli::lint::Service::End(grpc::ServerContext *, const proto::v1::EndRequest *, proto::v1::EndResponse *)
[2024-12-07 11:42:47.052] [global] [info] [service.cc:268] [user-agent=lsp-proxy sid=5] RX:virtual grpc::Status trunk::cli::lint::Service::End(grpc::ServerContext *, const proto::v1::EndRequest *, proto::v1::EndResponse *)
[2024-12-07 11:42:47.052] [global] [info] [service.cc:268] [user-agent=lsp-proxy sid=4] TX:virtual grpc::Status trunk::cli::lint::Service::End(grpc::ServerContext *, const proto::v1::EndRequest *, proto::v1::EndResponse *) status=OK
[2024-12-07 11:42:47.052] [global] [info] [service.cc:335] [user-agent=lsp-proxy sid=n/a] RX:virtual grpc::Status trunk::cli::lint::Service::End(grpc::ServerContext *, const proto::v1::EndRequest *, proto::v1::EndResponse *)
[2024-12-07 11:42:47.052] [global] [info] [service.cc:268] [user-agent=lsp-proxy sid=5] TX:virtual grpc::Status trunk::cli::lint::Service::End(grpc::ServerContext *, const proto::v1::EndRequest *, proto::v1::EndResponse *) status=OK
[2024-12-07 11:42:47.052] [global] [info] [service.cc:335] [user-agent=lsp-proxy sid=n/a] RX:virtual grpc::Status trunk::cli::lint::Service::End(grpc::ServerContext *, const proto::v1::EndRequest *, proto::v1::EndResponse *)
[2024-12-07 11:42:47.053] [global] [info] [service.cc:335] [user-agent=lsp-proxy sid=n/a] TX:virtual grpc::Status trunk::cli::lint::Service::End(grpc::ServerContext *, const proto::v1::EndRequest *, proto::v1::EndResponse *) status=OK
[2024-12-07 11:42:47.054] [global] [info] [service.cc:335] [user-agent=lsp-proxy sid=n/a] TX:virtual grpc::Status trunk::cli::lint::Service::End(grpc::ServerContext *, const proto::v1::EndRequest *, proto::v1::EndResponse *) status=OK
[2024-12-07 11:42:47.174] [global] [info] [grpc.cc:27] TX:virtual grpc::Status trunk::cli::actions::Service::GetNotificationsStream(grpc::ServerContext *, const proto::v1::GetNotificationsStreamRequest *, grpc::ServerWriter<proto::v1::GetNotificationsStreamResponse> *) status=OK
[2024-12-07 12:27:43.746] [global] [info] [runner.cc:154] Executing action trunk-upgrade-available.schedule.1h
[2024-12-07 12:27:43.996] [global] [info] [grpc.cc:22] RX:virtual grpc::Status trunk::cli::UpgradeService::GetAvailableUpgrades(grpc::ServerContext *, const upgrade::proto::v1::GetAvailableUpgradesRequest *, grpc::ServerWriter<upgrade::proto::v1::GetAvailableUpgradesResponse> *)
[2024-12-07 12:27:43.997] [global] [info] [cli_upgrade.cc:85] Checking for latest trunk prod version...
[2024-12-07 12:27:43.997] [global] [info] [plugin_upgrade.cc:71] Querying latest version for plugin trunk
[2024-12-07 12:27:44.002] [global] [warning] [release.cc:114] LD client failed initialization
[2024-12-07 12:27:47.468] [global] [info] [cli_upgrade.cc:92] Successfully fetched latest trunk 1.22.8 version: prod
[2024-12-07 12:27:47.672] [global] [info] [release.cc:138] Retrieved 1 linter-version pairs from ReleaseVersionService
[2024-12-07 12:27:48.421] [global] [info] [grpc.cc:27] TX:virtual grpc::Status trunk::cli::UpgradeService::GetAvailableUpgrades(grpc::ServerContext *, const upgrade::proto::v1::GetAvailableUpgradesRequest *, grpc::ServerWriter<upgrade::proto::v1::GetAvailableUpgradesResponse> *) status=OK
[2024-12-07 13:27:43.834] [global] [info] [runner.cc:154] Executing action trunk-upgrade-available.schedule.1h
[2024-12-07 13:27:43.944] [global] [info] [grpc.cc:22] RX:virtual grpc::Status trunk::cli::UpgradeService::GetAvailableUpgrades(grpc::ServerContext *, const upgrade::proto::v1::GetAvailableUpgradesRequest *, grpc::ServerWriter<upgrade::proto::v1::GetAvailableUpgradesResponse> *)
[2024-12-07 13:27:43.944] [global] [info] [cli_upgrade.cc:85] Checking for latest trunk prod version...
[2024-12-07 13:27:43.944] [global] [info] [plugin_upgrade.cc:71] Querying latest version for plugin trunk
[2024-12-07 13:27:43.949] [global] [warning] [release.cc:114] LD client failed initialization
[2024-12-07 13:27:45.513] [global] [info] [cli_upgrade.cc:92] Successfully fetched latest trunk 1.22.8 version: prod
[2024-12-07 13:27:46.210] [global] [info] [release.cc:138] Retrieved 1 linter-version pairs from ReleaseVersionService
[2024-12-07 13:27:46.416] [global] [info] [grpc.cc:27] TX:virtual grpc::Status trunk::cli::UpgradeService::GetAvailableUpgrades(grpc::ServerContext *, const upgrade::proto::v1::GetAvailableUpgradesRequest *, grpc::ServerWriter<upgrade::proto::v1::GetAvailableUpgradesResponse> *) status=OK
[2024-12-07 14:27:43.738] [global] [info] [runner.cc:154] Executing action trunk-upgrade-available.schedule.1h
[2024-12-07 14:27:43.837] [global] [info] [grpc.cc:22] RX:virtual grpc::Status trunk::cli::UpgradeService::GetAvailableUpgrades(grpc::ServerContext *, const upgrade::proto::v1::GetAvailableUpgradesRequest *, grpc::ServerWriter<upgrade::proto::v1::GetAvailableUpgradesResponse> *)
[2024-12-07 14:27:43.837] [global] [info] [cli_upgrade.cc:85] Checking for latest trunk prod version...
[2024-12-07 14:27:43.837] [global] [info] [plugin_upgrade.cc:71] Querying latest version for plugin trunk
[2024-12-07 14:27:43.842] [global] [warning] [release.cc:114] LD client failed initialization
[2024-12-07 14:27:46.809] [global] [info] [cli_upgrade.cc:92] Successfully fetched latest trunk 1.22.8 version: prod
[2024-12-07 14:27:46.913] [global] [info] [release.cc:138] Retrieved 1 linter-version pairs from ReleaseVersionService
[2024-12-07 14:27:47.427] [global] [info] [grpc.cc:27] TX:virtual grpc::Status trunk::cli::UpgradeService::GetAvailableUpgrades(grpc::ServerContext *, const upgrade::proto::v1::GetAvailableUpgradesRequest *, grpc::ServerWriter<upgrade::proto::v1::GetAvailableUpgradesResponse> *) status=OK
